The system is: Windows - 10.0.17134 - AMD64
Compiling the C compiler identification source file "CMakeCCompilerId.c" succeeded.
Compiler: C:/MinGW/bin/gcc.exe 
Build flags: 
Id flags:  

The output was:
0


Compilation of the C compiler identification source "CMakeCCompilerId.c" produced "a.exe"

The C compiler identification is GNU, found in "C:/Users/emilv/Documents/University - Medialogy/Medialogy 3. semester/Programming of Complex Software Systems/Chat_System_Mini_Project/ComplexSoftware_MiniProject_ClientToServer/Server/cmake-build-debug/CMakeFiles/3.12.3/CompilerIdC/a.exe"

Compiling the CXX compiler identification source file "CMakeCXXCompilerId.cpp" succeeded.
Compiler: C:/MinGW/bin/g++.exe 
Build flags: 
Id flags:  

The output was:
0


Compilation of the CXX compiler identification source "CMakeCXXCompilerId.cpp" produced "a.exe"

Compiling the CXX compiler identification source file "CMakeCXXCompilerId.cpp" succeeded.
Compiler: C:/MinGW/bin/g++.exe 
Build flags: 
Id flags: -c 

The output was:
0


Compilation of the CXX compiler identification source "CMakeCXXCompilerId.cpp" produced "CMakeCXXCompilerId.o"

The CXX compiler identification is GNU, found in "C:/Users/emilv/Documents/University - Medialogy/Medialogy 3. semester/Programming of Complex Software Systems/Chat_System_Mini_Project/ComplexSoftware_MiniProject_ClientToServer/Server/cmake-build-debug/CMakeFiles/3.12.3/CompilerIdCXX/CMakeCXXCompilerId.o"

